<?xml version="1.0" encoding="UTF-8"?>
<testsuites name="jest tests" tests="15" failures="0" errors="0" time="2.801">
  <testsuite name="OrderServiceService — Order Placement (OOS-211)" errors="0" failures="0" skipped="0" timestamp="2026-05-16T04:58:34" time="2.251" tests="15">
    <testcase classname="OrderServiceService — Order Placement (OOS-211) delivery path places an order successfully and returns a receipt number" name="OrderServiceService — Order Placement (OOS-211) delivery path places an order successfully and returns a receipt number" time="0.021">
    </testcase>
    <testcase classname="OrderServiceService — Order Placement (OOS-211) delivery path includes shippingAddress in the returned order" name="OrderServiceService — Order Placement (OOS-211) delivery path includes shippingAddress in the returned order" time="0.003">
    </testcase>
    <testcase classname="OrderServiceService — Order Placement (OOS-211) delivery path calculates subtotal, VAT, and total correctly" name="OrderServiceService — Order Placement (OOS-211) delivery path calculates subtotal, VAT, and total correctly" time="0.005">
    </testcase>
    <testcase classname="OrderServiceService — Order Placement (OOS-211) delivery path uses a delivery fee of 50 when none is provided" name="OrderServiceService — Order Placement (OOS-211) delivery path uses a delivery fee of 50 when none is provided" time="0.004">
    </testcase>
    <testcase classname="OrderServiceService — Order Placement (OOS-211) delivery path calls catalog service to prepare items and commit stock" name="OrderServiceService — Order Placement (OOS-211) delivery path calls catalog service to prepare items and commit stock" time="0.006">
    </testcase>
    <testcase classname="OrderServiceService — Order Placement (OOS-211) delivery path clears the cart after a successful order" name="OrderServiceService — Order Placement (OOS-211) delivery path clears the cart after a successful order" time="0.005">
    </testcase>
    <testcase classname="OrderServiceService — Order Placement (OOS-211) delivery path sends an order confirmation email when SMTP is configured" name="OrderServiceService — Order Placement (OOS-211) delivery path sends an order confirmation email when SMTP is configured" time="0.006">
    </testcase>
    <testcase classname="OrderServiceService — Order Placement (OOS-211) pickup path places an order with zero delivery fee" name="OrderServiceService — Order Placement (OOS-211) pickup path places an order with zero delivery fee" time="0.002">
    </testcase>
    <testcase classname="OrderServiceService — Order Placement (OOS-211) pickup path uses GCash payment method correctly" name="OrderServiceService — Order Placement (OOS-211) pickup path uses GCash payment method correctly" time="0.003">
    </testcase>
    <testcase classname="OrderServiceService — Order Placement (OOS-211) input validation returns 400 when shipping address is empty" name="OrderServiceService — Order Placement (OOS-211) input validation returns 400 when shipping address is empty" time="0.003">
    </testcase>
    <testcase classname="OrderServiceService — Order Placement (OOS-211) input validation returns 400 when cart is empty" name="OrderServiceService — Order Placement (OOS-211) input validation returns 400 when cart is empty" time="0.002">
    </testcase>
    <testcase classname="OrderServiceService — Order Placement (OOS-211) input validation returns 400 when all items have invalid IDs" name="OrderServiceService — Order Placement (OOS-211) input validation returns 400 when all items have invalid IDs" time="0.001">
    </testcase>
    <testcase classname="OrderServiceService — Order Placement (OOS-211) input validation returns 400 when a product is not found in catalog" name="OrderServiceService — Order Placement (OOS-211) input validation returns 400 when a product is not found in catalog" time="0.001">
    </testcase>
    <testcase classname="OrderServiceService — Order Placement (OOS-211) input validation returns 409 when a product is out of stock" name="OrderServiceService — Order Placement (OOS-211) input validation returns 409 when a product is out of stock" time="0.003">
    </testcase>
    <testcase classname="OrderServiceService — Order Placement (OOS-211) stock rollback releases reserved stock when transaction insert fails" name="OrderServiceService — Order Placement (OOS-211) stock rollback releases reserved stock when transaction insert fails" time="0.021">
    </testcase>
  </testsuite>
</testsuites>